<?xml version="1.0" encoding="UTF-8"?>
<coverage generated="1630345448864" clover="3.2.0">
  <project timestamp="1630345448864" name="All files">
    <metrics statements="19" coveredstatements="8" conditionals="30" coveredconditionals="14" methods="4" coveredmethods="3" elements="53" coveredelements="25" complexity="0" loc="19" ncloc="19" packages="2" files="2" classes="2"/>
    <package name="unit-test">
      <metrics statements="1" coveredstatements="1" conditionals="0" coveredconditionals="0" methods="1" coveredmethods="1"/>
      <file name="main.js" path="E:\DEVELOPER\JS-EVON\unit-test\main.js">
        <metrics statements="1" coveredstatements="1" conditionals="0" coveredconditionals="0" methods="1" coveredmethods="1"/>
        <line num="2" count="1" type="stmt"/>
      </file>
    </package>
    <package name="unit-test.classifyStudent">
      <metrics statements="18" coveredstatements="7" conditionals="30" coveredconditionals="14" methods="3" coveredmethods="2"/>
      <file name="main.js" path="E:\DEVELOPER\JS-EVON\unit-test\classifyStudent\main.js">
        <metrics statements="18" coveredstatements="7" conditionals="30" coveredconditionals="14" methods="3" coveredmethods="2"/>
        <line num="2" count="0" type="cond" truecount="0" falsecount="2"/>
        <line num="6" count="0" type="cond" truecount="0" falsecount="2"/>
        <line num="7" count="0" type="cond" truecount="0" falsecount="2"/>
        <line num="9" count="0" type="cond" truecount="0" falsecount="2"/>
        <line num="11" count="0" type="stmt"/>
        <line num="13" count="0" type="stmt"/>
        <line num="17" count="1" type="cond" truecount="3" falsecount="2"/>
        <line num="18" count="0" type="stmt"/>
        <line num="21" count="0" type="cond" truecount="0" falsecount="2"/>
        <line num="22" count="0" type="cond" truecount="0" falsecount="2"/>
        <line num="24" count="0" type="cond" truecount="0" falsecount="2"/>
        <line num="27" count="0" type="stmt"/>
        <line num="29" count="1" type="stmt"/>
        <line num="33" count="12" type="cond" truecount="5" falsecount="0"/>
        <line num="35" count="10" type="cond" truecount="2" falsecount="0"/>
        <line num="36" count="8" type="cond" truecount="2" falsecount="0"/>
        <line num="37" count="6" type="cond" truecount="2" falsecount="0"/>
        <line num="39" count="3" type="stmt"/>
      </file>
    </package>
  </project>
</coverage>
