{"E:\\DEVELOPER\\JS-EVON\\unit-test\\main.js": {"path":"E:\\DEVELOPER\\JS-EVON\\unit-test\\main.js","statementMap":{"0":{"start":{"line":2,"column":2},"end":{"line":2,"column":15}}},"fnMap":{"0":{"name":"sum","decl":{"start":{"line":1,"column":16},"end":{"line":1,"column":19}},"loc":{"start":{"line":1,"column":26},"end":{"line":3,"column":1}},"line":1}},"branchMap":{},"s":{"0":1},"f":{"0":1},"b":{},"_coverageSchema":"1a1c01bbd47fc00a2c39e90264f33305004495a9","hash":"7e97f225867af973a320bd595bbd34f0b6b04ad5"}
,"E:\\DEVELOPER\\JS-EVON\\unit-test\\classifyStudent\\main.js": {"path":"E:\\DEVELOPER\\JS-EVON\\unit-test\\classifyStudent\\main.js","statementMap":{"0":{"start":{"line":2,"column":2},"end":{"line":2,"column":34}},"1":{"start":{"line":2,"column":21},"end":{"line":2,"column":34}},"2":{"start":{"line":6,"column":2},"end":{"line":11,"column":20}},"3":{"start":{"line":6,"column":16},"end":{"line":6,"column":35}},"4":{"start":{"line":7,"column":7},"end":{"line":11,"column":20}},"5":{"start":{"line":7,"column":22},"end":{"line":7,"column":36}},"6":{"start":{"line":9,"column":7},"end":{"line":11,"column":20}},"7":{"start":{"line":9,"column":22},"end":{"line":9,"column":40}},"8":{"start":{"line":11,"column":7},"end":{"line":11,"column":20}},"9":{"start":{"line":13,"column":2},"end":{"line":13,"column":14}},"10":{"start":{"line":17,"column":2},"end":{"line":17,"column":76}},"11":{"start":{"line":17,"column":46},"end":{"line":17,"column":76}},"12":{"start":{"line":18,"column":13},"end":{"line":18,"column":18}},"13":{"start":{"line":21,"column":2},"end":{"line":24,"column":40}},"14":{"start":{"line":21,"column":16},"end":{"line":21,"column":35}},"15":{"start":{"line":22,"column":7},"end":{"line":24,"column":40}},"16":{"start":{"line":22,"column":22},"end":{"line":22,"column":36}},"17":{"start":{"line":24,"column":7},"end":{"line":24,"column":40}},"18":{"start":{"line":24,"column":22},"end":{"line":24,"column":40}},"19":{"start":{"line":27,"column":2},"end":{"line":27,"column":14}},"20":{"start":{"line":29,"column":0},"end":{"line":29,"column":35}},"21":{"start":{"line":33,"column":2},"end":{"line":33,"column":76}},"22":{"start":{"line":33,"column":46},"end":{"line":33,"column":76}},"23":{"start":{"line":35,"column":2},"end":{"line":35,"column":35}},"24":{"start":{"line":35,"column":16},"end":{"line":35,"column":35}},"25":{"start":{"line":36,"column":2},"end":{"line":36,"column":31}},"26":{"start":{"line":36,"column":17},"end":{"line":36,"column":31}},"27":{"start":{"line":37,"column":2},"end":{"line":37,"column":34}},"28":{"start":{"line":37,"column":17},"end":{"line":37,"column":34}},"29":{"start":{"line":39,"column":2},"end":{"line":39,"column":15}}},"fnMap":{"0":{"name":"classifyStudentV1","decl":{"start":{"line":1,"column":9},"end":{"line":1,"column":26}},"loc":{"start":{"line":1,"column":33},"end":{"line":14,"column":1}},"line":1},"1":{"name":"classifyStudentV2","decl":{"start":{"line":16,"column":9},"end":{"line":16,"column":26}},"loc":{"start":{"line":16,"column":33},"end":{"line":28,"column":1}},"line":16},"2":{"name":"classifyStudentV3","decl":{"start":{"line":32,"column":16},"end":{"line":32,"column":33}},"loc":{"start":{"line":32,"column":40},"end":{"line":40,"column":1}},"line":32}},"branchMap":{"0":{"loc":{"start":{"line":2,"column":2},"end":{"line":2,"column":34}},"type":"if","locations":[{"start":{"line":2,"column":2},"end":{"line":2,"column":34}},{"start":{"line":2,"column":2},"end":{"line":2,"column":34}}],"line":2},"1":{"loc":{"start":{"line":6,"column":2},"end":{"line":11,"column":20}},"type":"if","locations":[{"start":{"line":6,"column":2},"end":{"line":11,"column":20}},{"start":{"line":6,"column":2},"end":{"line":11,"column":20}}],"line":6},"2":{"loc":{"start":{"line":7,"column":7},"end":{"line":11,"column":20}},"type":"if","locations":[{"start":{"line":7,"column":7},"end":{"line":11,"column":20}},{"start":{"line":7,"column":7},"end":{"line":11,"column":20}}],"line":7},"3":{"loc":{"start":{"line":9,"column":7},"end":{"line":11,"column":20}},"type":"if","locations":[{"start":{"line":9,"column":7},"end":{"line":11,"column":20}},{"start":{"line":9,"column":7},"end":{"line":11,"column":20}}],"line":9},"4":{"loc":{"start":{"line":17,"column":2},"end":{"line":17,"column":76}},"type":"if","locations":[{"start":{"line":17,"column":2},"end":{"line":17,"column":76}},{"start":{"line":17,"column":2},"end":{"line":17,"column":76}}],"line":17},"5":{"loc":{"start":{"line":17,"column":6},"end":{"line":17,"column":44}},"type":"binary-expr","locations":[{"start":{"line":17,"column":6},"end":{"line":17,"column":19}},{"start":{"line":17,"column":23},"end":{"line":17,"column":31}},{"start":{"line":17,"column":35},"end":{"line":17,"column":44}}],"line":17},"6":{"loc":{"start":{"line":21,"column":2},"end":{"line":24,"column":40}},"type":"if","locations":[{"start":{"line":21,"column":2},"end":{"line":24,"column":40}},{"start":{"line":21,"column":2},"end":{"line":24,"column":40}}],"line":21},"7":{"loc":{"start":{"line":22,"column":7},"end":{"line":24,"column":40}},"type":"if","locations":[{"start":{"line":22,"column":7},"end":{"line":24,"column":40}},{"start":{"line":22,"column":7},"end":{"line":24,"column":40}}],"line":22},"8":{"loc":{"start":{"line":24,"column":7},"end":{"line":24,"column":40}},"type":"if","locations":[{"start":{"line":24,"column":7},"end":{"line":24,"column":40}},{"start":{"line":24,"column":7},"end":{"line":24,"column":40}}],"line":24},"9":{"loc":{"start":{"line":33,"column":2},"end":{"line":33,"column":76}},"type":"if","locations":[{"start":{"line":33,"column":2},"end":{"line":33,"column":76}},{"start":{"line":33,"column":2},"end":{"line":33,"column":76}}],"line":33},"10":{"loc":{"start":{"line":33,"column":6},"end":{"line":33,"column":44}},"type":"binary-expr","locations":[{"start":{"line":33,"column":6},"end":{"line":33,"column":19}},{"start":{"line":33,"column":23},"end":{"line":33,"column":31}},{"start":{"line":33,"column":35},"end":{"line":33,"column":44}}],"line":33},"11":{"loc":{"start":{"line":35,"column":2},"end":{"line":35,"column":35}},"type":"if","locations":[{"start":{"line":35,"column":2},"end":{"line":35,"column":35}},{"start":{"line":35,"column":2},"end":{"line":35,"column":35}}],"line":35},"12":{"loc":{"start":{"line":36,"column":2},"end":{"line":36,"column":31}},"type":"if","locations":[{"start":{"line":36,"column":2},"end":{"line":36,"column":31}},{"start":{"line":36,"column":2},"end":{"line":36,"column":31}}],"line":36},"13":{"loc":{"start":{"line":37,"column":2},"end":{"line":37,"column":34}},"type":"if","locations":[{"start":{"line":37,"column":2},"end":{"line":37,"column":34}},{"start":{"line":37,"column":2},"end":{"line":37,"column":34}}],"line":37}},"s":{"0":0,"1":0,"2":0,"3":0,"4":0,"5":0,"6":0,"7":0,"8":0,"9":0,"10":1,"11":1,"12":0,"13":0,"14":0,"15":0,"16":0,"17":0,"18":0,"19":0,"20":1,"21":12,"22":2,"23":10,"24":2,"25":8,"26":2,"27":6,"28":3,"29":3},"f":{"0":0,"1":1,"2":12},"b":{"0":[0,0],"1":[0,0],"2":[0,0],"3":[0,0],"4":[1,0],"5":[1,1,0],"6":[0,0],"7":[0,0],"8":[0,0],"9":[2,10],"10":[12,12,11],"11":[2,8],"12":[2,6],"13":[3,3]},"_coverageSchema":"1a1c01bbd47fc00a2c39e90264f33305004495a9","hash":"8855b09c8649bda2b859a710dc37c3014c1460db"}
}
