TN:
SF:main.js
FN:1,sum
FNF:1
FNH:1
FNDA:1,sum
DA:2,1
LF:1
LH:1
BRF:0
BRH:0
end_of_record
TN:
SF:classifyStudent\main.js
FN:1,classifyStudentV1
FN:16,classifyStudentV2
FN:32,classifyStudentV3
FNF:3
FNH:2
FNDA:0,classifyStudentV1
FNDA:1,classifyStudentV2
FNDA:12,classifyStudentV3
DA:2,0
DA:6,0
DA:7,0
DA:9,0
DA:11,0
DA:13,0
DA:17,1
DA:18,0
DA:21,0
DA:22,0
DA:24,0
DA:27,0
DA:29,1
DA:33,12
DA:35,10
DA:36,8
DA:37,6
DA:39,3
LF:18
LH:7
BRDA:2,0,0,0
BRDA:2,0,1,0
BRDA:6,1,0,0
BRDA:6,1,1,0
BRDA:7,2,0,0
BRDA:7,2,1,0
BRDA:9,3,0,0
BRDA:9,3,1,0
BRDA:17,4,0,1
BRDA:17,4,1,0
BRDA:17,5,0,1
BRDA:17,5,1,1
BRDA:17,5,2,0
BRDA:21,6,0,0
BRDA:21,6,1,0
BRDA:22,7,0,0
BRDA:22,7,1,0
BRDA:24,8,0,0
BRDA:24,8,1,0
BRDA:33,9,0,2
BRDA:33,9,1,10
BRDA:33,10,0,12
BRDA:33,10,1,12
BRDA:33,10,2,11
BRDA:35,11,0,2
BRDA:35,11,1,8
BRDA:36,12,0,2
BRDA:36,12,1,6
BRDA:37,13,0,3
BRDA:37,13,1,3
BRF:30
BRH:14
end_of_record
